<?xml version="1.0" encoding="UTF-8"?>
<testng-results skipped="0" failed="0" ignored="0" total="1" passed="1">
  <reporter-output>
  </reporter-output>
  <suite name="Default suite" duration-ms="32776" started-at="2019-01-09T06:30:29Z" finished-at="2019-01-09T06:31:01Z">
    <groups>
    </groups>
    <test name="Default test" duration-ms="32776" started-at="2019-01-09T06:30:29Z" finished-at="2019-01-09T06:31:01Z">
      <class name="android_appium.Testng_paytm">
        <test-method status="PASS" signature="launch_cmd()[pri:0, instance:android_appium.Testng_paytm@2bbf4b8b]" name="launch_cmd" is-config="true" duration-ms="13" started-at="2019-01-09T06:30:29Z" finished-at="2019-01-09T06:30:29Z">
          <reporter-output>
          </reporter-output>
        </test-method> <!-- launch_cmd -->
        <test-method status="PASS" signature="launch()[pri:0, instance:android_appium.Testng_paytm@2bbf4b8b]" name="launch" is-config="true" duration-ms="15786" started-at="2019-01-09T06:30:29Z" finished-at="2019-01-09T06:30:45Z">
          <reporter-output>
          </reporter-output>
        </test-method> <!-- launch -->
        <test-method status="PASS" signature="login()[pri:0, instance:android_appium.Testng_paytm@2bbf4b8b]" name="login" duration-ms="16957" started-at="2019-01-09T06:30:45Z" finished-at="2019-01-09T06:31:01Z">
          <reporter-output>
          </reporter-output>
        </test-method> <!-- login -->
      </class> <!-- android_appium.Testng_paytm -->
    </test> <!-- Default test -->
  </suite> <!-- Default suite -->
</testng-results>
