<?xml version="1.0" encoding="UTF-8"?>
<!-- Generated by org.testng.reporters.JUnitXMLReporter -->
<testsuite hostname="LAPTOP-AOT3U7B4" ignored="0" name="Test" tests="1" failures="1" timestamp="09 Jan 2019 06:27:48 GMT" time="10.182" errors="0">
  <testcase name="login" time="0.01" classname="android_appium.Testng_paytm">
    <failure type="java.lang.NullPointerException">
      <![CDATA[java.lang.NullPointerException
at android_appium.Testng_paytm.login(Testng_paytm.java:59)
... Removed 25 stack frames]]>
    </failure>
  </testcase> <!-- login -->
</testsuite> <!-- Test -->
